<?xml version="1.0" encoding="UTF-8"?>
<!-- Generated by org.testng.reporters.JUnitReportReporter -->
<testsuite skipped="0" hostname="asus" name="com.technocredits.orghrm.testscripts.DashboaredTest" tests="1" failures="0" timestamp="3 Nov 2021 12:05:45 GMT" time="23.516" errors="0">
  <testcase name="verifyWidgets" time="23.516" classname="com.technocredits.orghrm.testscripts.DashboaredTest"/>
</testsuite> <!-- com.technocredits.orghrm.testscripts.DashboaredTest -->
